
> vite-react-typescript-starter@0.0.0 lint
> eslint .


C:\Users\mohit\Downloads\rrjewel-main\api\auth\login.ts
  1:32  error  Unexpected any. Specify a different type  @typescript-eslint/no-explicit-any
  1:47  error  Unexpected any. Specify a different type  @typescript-eslint/no-explicit-any

C:\Users\mohit\Downloads\rrjewel-main\api\auth\register.ts
  1:32  error  Unexpected any. Specify a different type  @typescript-eslint/no-explicit-any
  1:47  error  Unexpected any. Specify a different type  @typescript-eslint/no-explicit-any

C:\Users\mohit\Downloads\rrjewel-main\api\banners.ts
  1:29  error  Unexpected any. Specify a different type  @typescript-eslint/no-explicit-any
  1:39  error  Unexpected any. Specify a different type  @typescript-eslint/no-explicit-any

C:\Users\mohit\Downloads\rrjewel-main\api\coupons.ts
  1:29  error  Unexpected any. Specify a different type  @typescript-eslint/no-explicit-any
  1:39  error  Unexpected any. Specify a different type  @typescript-eslint/no-explicit-any

C:\Users\mohit\Downloads\rrjewel-main\api\health.ts
  1:29  error  Unexpected any. Specify a different type  @typescript-eslint/no-explicit-any
  1:39  error  Unexpected any. Specify a different type  @typescript-eslint/no-explicit-any

C:\Users\mohit\Downloads\rrjewel-main\api\products.ts
  1:29  error  Unexpected any. Specify a different type  @typescript-eslint/no-explicit-any
  1:39  error  Unexpected any. Specify a different type  @typescript-eslint/no-explicit-any

C:\Users\mohit\Downloads\rrjewel-main\api\videos.ts
  1:29  error  Unexpected any. Specify a different type  @typescript-eslint/no-explicit-any
  1:39  error  Unexpected any. Specify a different type  @typescript-eslint/no-explicit-any

C:\Users\mohit\Downloads\rrjewel-main\lib\mongodb.ts
  6:19  error  Unexpected any. Specify a different type  @typescript-eslint/no-explicit-any
  7:15  error  Unexpected any. Specify a different type  @typescript-eslint/no-explicit-any

C:\Users\mohit\Downloads\rrjewel-main\src\components\NewArrivals.tsx
  12:36  error  Unexpected any. Specify a different type  @typescript-eslint/no-explicit-any
  21:31  error  Unexpected any. Specify a different type  @typescript-eslint/no-explicit-any
  53:39  error  Unexpected any. Specify a different type  @typescript-eslint/no-explicit-any

C:\Users\mohit\Downloads\rrjewel-main\src\components\ScrollToTop.tsx
  1:8  error  'React' is defined but never used  @typescript-eslint/no-unused-vars

C:\Users\mohit\Downloads\rrjewel-main\src\components\SearchModal.tsx
  125:36  error  Unexpected any. Specify a different type  @typescript-eslint/no-explicit-any
  134:31  error  Unexpected any. Specify a different type  @typescript-eslint/no-explicit-any

C:\Users\mohit\Downloads\rrjewel-main\src\components\ShowcaseVideos.tsx
   11:38  error  Unexpected any. Specify a different type  @typescript-eslint/no-explicit-any
   19:32  error  Unexpected any. Specify a different type  @typescript-eslint/no-explicit-any
   47:14  error  'e' is defined but never used             @typescript-eslint/no-unused-vars
  121:29  error  Unexpected any. Specify a different type  @typescript-eslint/no-explicit-any
  134:36  error  Unexpected any. Specify a different type  @typescript-eslint/no-explicit-any

C:\Users\mohit\Downloads\rrjewel-main\src\components\SignInModal.tsx
  41:16  error  'e' is defined but never used  @typescript-eslint/no-unused-vars

C:\Users\mohit\Downloads\rrjewel-main\src\components\Wishlist.tsx
  17:31  error  Unexpected any. Specify a different type  @typescript-eslint/no-explicit-any

C:\Users\mohit\Downloads\rrjewel-main\src\context\AppContext.tsx
    2:47  error    'SeedProduct' is defined but never used                                                                                         @typescript-eslint/no-unused-vars
    3:10  error    'API_BASE_URL' is defined but never used                                                                                        @typescript-eslint/no-unused-vars
  150:7   error    Unexpected lexical declaration in case block                                                                                    no-case-declarations
  240:14  error    'e' is defined but never used                                                                                                   @typescript-eslint/no-unused-vars
  280:20  error    'e' is defined but never used                                                                                                   @typescript-eslint/no-unused-vars
  280:23  error    Empty block statement                                                                                                           no-empty
  284:16  error    'e' is defined but never used                                                                                                   @typescript-eslint/no-unused-vars
  299:16  error    'e' is defined but never used                                                                                                   @typescript-eslint/no-unused-vars
  315:14  warning  Fast refresh only works when a file only exports components. Use a new file to share constants or functions between components  react-refresh/only-export-components

C:\Users\mohit\Downloads\rrjewel-main\src\pages\Admin.tsx
   10:50   error    Unexpected any. Specify a different type                                                                                                                                                                                                          @typescript-eslint/no-explicit-any
   39:18   error    'err' is defined but never used                                                                                                                                                                                                                   @typescript-eslint/no-unused-vars
   41:24   error    Unexpected any. Specify a different type                                                                                                                                                                                                          @typescript-eslint/no-explicit-any
   44:313  error    Unexpected any. Specify a different type                                                                                                                                                                                                          @typescript-eslint/no-explicit-any
  139:18   error    'e' is defined but never used                                                                                                                                                                                                                     @typescript-eslint/no-unused-vars
  172:29   error    Unexpected any. Specify a different type                                                                                                                                                                                                          @typescript-eslint/no-explicit-any
  182:45   error    Unexpected any. Specify a different type                                                                                                                                                                                                          @typescript-eslint/no-explicit-any
  185:111  error    Unexpected any. Specify a different type                                                                                                                                                                                                          @typescript-eslint/no-explicit-any
  186:30   error    'e' is defined but never used                                                                                                                                                                                                                     @typescript-eslint/no-unused-vars
  203:38   error    Unexpected any. Specify a different type                                                                                                                                                                                                          @typescript-eslint/no-explicit-any
  205:55   warning  React Hook React.useEffect has an unnecessary dependency: 'editProduct'. Either exclude it or remove the dependency array. Outer scope values like 'editProduct' aren't valid dependencies because mutating them doesn't re-render the component  react-hooks/exhaustive-deps
  222:16   error    'err' is defined but never used                                                                                                                                                                                                                   @typescript-eslint/no-unused-vars
  326:18   error    'e' is defined but never used                                                                                                                                                                                                                     @typescript-eslint/no-unused-vars
  343:56   error    Unexpected any. Specify a different type                                                                                                                                                                                                          @typescript-eslint/no-explicit-any
  362:29   error    Unexpected any. Specify a different type                                                                                                                                                                                                          @typescript-eslint/no-explicit-any
  397:46   error    Unexpected any. Specify a different type                                                                                                                                                                                                          @typescript-eslint/no-explicit-any
  400:113  error    Unexpected any. Specify a different type                                                                                                                                                                                                          @typescript-eslint/no-explicit-any
  401:30   error    'e' is defined but never used                                                                                                                                                                                                                     @typescript-eslint/no-unused-vars
  431:18   error    'e' is defined but never used                                                                                                                                                                                                                     @typescript-eslint/no-unused-vars
  440:39   error    Unexpected any. Specify a different type                                                                                                                                                                                                          @typescript-eslint/no-explicit-any
  445:53   error    Unexpected any. Specify a different type                                                                                                                                                                                                          @typescript-eslint/no-explicit-any
  450:29   error    Unexpected any. Specify a different type                                                                                                                                                                                                          @typescript-eslint/no-explicit-any
  463:28   error    'e' is defined but never used                                                                                                                                                                                                                     @typescript-eslint/no-unused-vars
  472:28   error    'e' is defined but never used                                                                                                                                                                                                                     @typescript-eslint/no-unused-vars
  644:44   error    Unexpected any. Specify a different type                                                                                                                                                                                                          @typescript-eslint/no-explicit-any
  687:65   error    Unexpected any. Specify a different type                                                                                                                                                                                                          @typescript-eslint/no-explicit-any
  691:42   error    'e' is defined but never used                                                                                                                                                                                                                     @typescript-eslint/no-unused-vars

C:\Users\mohit\Downloads\rrjewel-main\src\pages\AllProducts.tsx
    8:10  error  'selectedFilters' is assigned a value but never used     @typescript-eslint/no-unused-vars
    8:27  error  'setSelectedFilters' is assigned a value but never used  @typescript-eslint/no-unused-vars
   28:36  error  Unexpected any. Specify a different type                 @typescript-eslint/no-explicit-any
   37:31  error  Unexpected any. Specify a different type                 @typescript-eslint/no-explicit-any
  156:53  error  Unexpected any. Specify a different type                 @typescript-eslint/no-explicit-any
  156:96  error  Unexpected any. Specify a different type                 @typescript-eslint/no-explicit-any

C:\Users\mohit\Downloads\rrjewel-main\src\pages\Bracelets.tsx
  11:36  error  Unexpected any. Specify a different type  @typescript-eslint/no-explicit-any
  20:31  error  Unexpected any. Specify a different type  @typescript-eslint/no-explicit-any
  43:49  error  Unexpected any. Specify a different type  @typescript-eslint/no-explicit-any
  43:92  error  Unexpected any. Specify a different type  @typescript-eslint/no-explicit-any

C:\Users\mohit\Downloads\rrjewel-main\src\pages\Earrings.tsx
  11:36  error  Unexpected any. Specify a different type  @typescript-eslint/no-explicit-any
  20:31  error  Unexpected any. Specify a different type  @typescript-eslint/no-explicit-any
  43:49  error  Unexpected any. Specify a different type  @typescript-eslint/no-explicit-any
  43:92  error  Unexpected any. Specify a different type  @typescript-eslint/no-explicit-any

C:\Users\mohit\Downloads\rrjewel-main\src\pages\Necklaces.tsx
  11:36  error  Unexpected any. Specify a different type  @typescript-eslint/no-explicit-any
  20:31  error  Unexpected any. Specify a different type  @typescript-eslint/no-explicit-any
  43:49  error  Unexpected any. Specify a different type  @typescript-eslint/no-explicit-any
  43:92  error  Unexpected any. Specify a different type  @typescript-eslint/no-explicit-any

C:\Users\mohit\Downloads\rrjewel-main\src\pages\ProductDetail.tsx
  12:50   error  Unexpected any. Specify a different type        @typescript-eslint/no-explicit-any
  27:87   error  Unexpected any. Specify a different type        @typescript-eslint/no-explicit-any
  27:112  error  Unexpected any. Specify a different type        @typescript-eslint/no-explicit-any
  29:9    error  'productId' is assigned a value but never used  @typescript-eslint/no-unused-vars
  29:33   error  Unexpected any. Specify a different type        @typescript-eslint/no-explicit-any

✖ 88 problems (86 errors, 2 warnings)

