src/App.tsx(1,1): error TS6133: 'React' is declared but its value is never read.
src/components/AnnouncementBanner.tsx(1,1): error TS6133: 'React' is declared but its value is never read.
src/components/Footer.tsx(1,1): error TS6133: 'React' is declared but its value is never read.
src/components/Header.tsx(1,8): error TS6133: 'React' is declared but its value is never read.
src/components/Hero.tsx(1,8): error TS6133: 'React' is declared but its value is never read.
src/components/NewArrivals.tsx(1,1): error TS6133: 'React' is declared but its value is never read.
src/components/Reviews.tsx(1,8): error TS6133: 'React' is declared but its value is never read.
src/components/ScrollToTop.tsx(1,8): error TS6133: 'React' is declared but its value is never read.
src/components/ShopByCategory.tsx(1,1): error TS6133: 'React' is declared but its value is never read.
src/context/AppContext.tsx(2,47): error TS6133: 'SeedProduct' is declared but its value is never read.
src/context/AppContext.tsx(3,10): error TS6133: 'API_BASE_URL' is declared but its value is never read.
src/main.tsx(1,1): error TS6133: 'React' is declared but its value is never read.
src/pages/AllProducts.tsx(1,8): error TS6133: 'React' is declared but its value is never read.
src/pages/AllProducts.tsx(25,10): error TS6133: 'selectedFilters' is declared but its value is never read.
src/pages/AllProducts.tsx(25,27): error TS6133: 'setSelectedFilters' is declared but its value is never read.
src/pages/AllProducts.tsx(188,32): error TS2339: Property 'averageRating' does not exist on type 'Product'.
src/pages/AllProducts.tsx(189,82): error TS2339: Property 'averageRating' does not exist on type 'Product'.
src/pages/AllProducts.tsx(189,107): error TS2339: Property 'reviewCount' does not exist on type 'Product'.
src/pages/Home.tsx(1,1): error TS6133: 'React' is declared but its value is never read.
src/pages/JewelleryCareGuide.tsx(1,1): error TS6133: 'React' is declared but its value is never read.
src/pages/PrivacyPolicy.tsx(1,1): error TS6133: 'React' is declared but its value is never read.
src/pages/ProductDetail.tsx(222,80): error TS2339: Property 'averageRating' does not exist on type 'Product'.
src/pages/ProductDetail.tsx(226,28): error TS2339: Property 'averageRating' does not exist on type 'Product'.
src/pages/ProductDetail.tsx(226,55): error TS2339: Property 'averageRating' does not exist on type 'Product'.
src/pages/ProductDetail.tsx(226,97): error TS2339: Property 'reviewCount' does not exist on type 'Product'.
src/pages/ProductDetail.tsx(226,130): error TS2339: Property 'reviewCount' does not exist on type 'Product'.
src/pages/Profile.tsx(1,8): error TS6133: 'React' is declared but its value is never read.
src/pages/RefundPolicy.tsx(1,1): error TS6133: 'React' is declared but its value is never read.
src/pages/ShippingPolicy.tsx(1,1): error TS6133: 'React' is declared but its value is never read.
